<?xml version="1.0" encoding="UTF-8"?>
<testng-results skipped="0" failed="0" ignored="0" total="2" passed="2">
  <reporter-output>
  </reporter-output>
  <suite name="MainPageSuite" duration-ms="26679" started-at="2018-01-23T11:21:45Z" finished-at="2018-01-23T11:22:11Z">
    <groups>
    </groups>
    <test name="MainPageTest" duration-ms="9530" started-at="2018-01-23T11:21:45Z" finished-at="2018-01-23T11:21:54Z">
      <class name="com.mainPackage.MainPageTest">
        <test-method status="PASS" signature="setUp()[pri:0, instance:com.mainPackage.MainPageTest@5f2050f6]" name="setUp" is-config="true" duration-ms="6739" started-at="2018-01-23T13:21:45Z" finished-at="2018-01-23T13:21:51Z">
          <reporter-output>
          </reporter-output>
        </test-method> <!-- setUp -->
        <test-method status="PASS" signature="mainPage()[pri:0, instance:com.mainPackage.MainPageTest@5f2050f6]" name="mainPage" duration-ms="2275" started-at="2018-01-23T13:21:51Z" finished-at="2018-01-23T13:21:54Z">
          <reporter-output>
          </reporter-output>
        </test-method> <!-- mainPage -->
        <test-method status="PASS" signature="tearDown()[pri:0, instance:com.mainPackage.MainPageTest@5f2050f6]" name="tearDown" is-config="true" duration-ms="468" started-at="2018-01-23T13:21:54Z" finished-at="2018-01-23T13:21:54Z">
          <reporter-output>
          </reporter-output>
        </test-method> <!-- tearDown -->
      </class> <!-- com.mainPackage.MainPageTest -->
    </test> <!-- MainPageTest -->
    <test name="VacancyPageTest" duration-ms="17123" started-at="2018-01-23T11:21:54Z" finished-at="2018-01-23T11:22:11Z">
      <class name="com.mainPackage.VacancyPageTest">
        <test-method status="PASS" signature="setUp()[pri:0, instance:com.mainPackage.VacancyPageTest@617c74e5]" name="setUp" is-config="true" duration-ms="6724" started-at="2018-01-23T13:21:54Z" finished-at="2018-01-23T13:22:01Z">
          <reporter-output>
          </reporter-output>
        </test-method> <!-- setUp -->
        <test-method status="PASS" signature="mainPage1()[pri:0, instance:com.mainPackage.VacancyPageTest@617c74e5]" name="mainPage1" duration-ms="9705" started-at="2018-01-23T13:22:01Z" finished-at="2018-01-23T13:22:11Z">
          <reporter-output>
          </reporter-output>
        </test-method> <!-- mainPage1 -->
        <test-method status="PASS" signature="tearDown()[pri:0, instance:com.mainPackage.VacancyPageTest@617c74e5]" name="tearDown" is-config="true" duration-ms="693" started-at="2018-01-23T13:22:11Z" finished-at="2018-01-23T13:22:11Z">
          <reporter-output>
          </reporter-output>
        </test-method> <!-- tearDown -->
      </class> <!-- com.mainPackage.VacancyPageTest -->
    </test> <!-- VacancyPageTest -->
  </suite> <!-- MainPageSuite -->
</testng-results>
