<?xml version="1.0" encoding="UTF-8"?>
<testng-results skipped="0" failed="0" ignored="0" total="1" passed="1">
  <reporter-output>
  </reporter-output>
  <suite name="Surefire suite" duration-ms="10360" started-at="2018-01-22T11:42:30Z" finished-at="2018-01-22T11:42:41Z">
    <groups>
    </groups>
    <test name="Surefire test" duration-ms="10360" started-at="2018-01-22T11:42:30Z" finished-at="2018-01-22T11:42:41Z">
      <class name="com.mainPackage.MainPageTest">
        <test-method status="PASS" signature="mainPage()[pri:0, instance:com.mainPackage.MainPageTest@35f983a6]" name="mainPage" duration-ms="10307" started-at="2018-01-22T13:42:31Z" finished-at="2018-01-22T13:42:41Z">
          <reporter-output>
          </reporter-output>
        </test-method> <!-- mainPage -->
      </class> <!-- com.mainPackage.MainPageTest -->
    </test> <!-- Surefire test -->
  </suite> <!-- Surefire suite -->
</testng-results>
